{"D:\\Kerja\\Phincon\\Week7\\express_final\\controllers\\userController.js": {"path":"D:\\Kerja\\Phincon\\Week7\\express_final\\controllers\\userController.js","statementMap":{"0":{"start":{"line":10,"column":14},"end":{"line":10,"column":25}},"1":{"start":{"line":12,"column":23},"end":{"line":170,"column":1}},"2":{"start":{"line":14,"column":38},"end":{"line":14,"column":46}},"3":{"start":{"line":15,"column":4},"end":{"line":30,"column":5}},"4":{"start":{"line":16,"column":6},"end":{"line":16,"column":103}},"5":{"start":{"line":16,"column":40},"end":{"line":16,"column":103}},"6":{"start":{"line":18,"column":27},"end":{"line":18,"column":57}},"7":{"start":{"line":19,"column":19},"end":{"line":24,"column":8}},"8":{"start":{"line":25,"column":6},"end":{"line":25,"column":24}},"9":{"start":{"line":26,"column":6},"end":{"line":26,"column":66}},"10":{"start":{"line":28,"column":6},"end":{"line":28,"column":50}},"11":{"start":{"line":29,"column":6},"end":{"line":29,"column":25}},"12":{"start":{"line":34,"column":4},"end":{"line":47,"column":5}},"13":{"start":{"line":35,"column":19},"end":{"line":35,"column":69}},"14":{"start":{"line":36,"column":6},"end":{"line":36,"column":71}},"15":{"start":{"line":36,"column":17},"end":{"line":36,"column":71}},"16":{"start":{"line":38,"column":30},"end":{"line":38,"column":82}},"17":{"start":{"line":39,"column":6},"end":{"line":39,"column":84}},"18":{"start":{"line":39,"column":28},"end":{"line":39,"column":84}},"19":{"start":{"line":41,"column":20},"end":{"line":41,"column":91}},"20":{"start":{"line":43,"column":6},"end":{"line":43,"column":79}},"21":{"start":{"line":45,"column":6},"end":{"line":45,"column":50}},"22":{"start":{"line":46,"column":6},"end":{"line":46,"column":33}},"23":{"start":{"line":51,"column":4},"end":{"line":60,"column":5}},"24":{"start":{"line":52,"column":19},"end":{"line":52,"column":58}},"25":{"start":{"line":53,"column":6},"end":{"line":53,"column":71}},"26":{"start":{"line":53,"column":17},"end":{"line":53,"column":71}},"27":{"start":{"line":54,"column":6},"end":{"line":54,"column":32}},"28":{"start":{"line":55,"column":6},"end":{"line":55,"column":24}},"29":{"start":{"line":56,"column":6},"end":{"line":56,"column":66}},"30":{"start":{"line":58,"column":6},"end":{"line":58,"column":50}},"31":{"start":{"line":59,"column":6},"end":{"line":59,"column":25}},"32":{"start":{"line":64,"column":4},"end":{"line":78,"column":5}},"33":{"start":{"line":65,"column":25},"end":{"line":65,"column":55}},"34":{"start":{"line":67,"column":6},"end":{"line":70,"column":7}},"35":{"start":{"line":68,"column":27},"end":{"line":68,"column":49}},"36":{"start":{"line":69,"column":8},"end":{"line":69,"column":88}},"37":{"start":{"line":71,"column":19},"end":{"line":71,"column":57}},"38":{"start":{"line":73,"column":6},"end":{"line":73,"column":65}},"39":{"start":{"line":74,"column":6},"end":{"line":74,"column":76}},"40":{"start":{"line":76,"column":6},"end":{"line":76,"column":50}},"41":{"start":{"line":77,"column":6},"end":{"line":77,"column":25}},"42":{"start":{"line":82,"column":4},"end":{"line":99,"column":5}},"43":{"start":{"line":83,"column":29},"end":{"line":83,"column":82}},"44":{"start":{"line":85,"column":6},"end":{"line":88,"column":7}},"45":{"start":{"line":86,"column":27},"end":{"line":86,"column":53}},"46":{"start":{"line":87,"column":8},"end":{"line":87,"column":89}},"47":{"start":{"line":90,"column":19},"end":{"line":90,"column":77}},"48":{"start":{"line":91,"column":6},"end":{"line":91,"column":71}},"49":{"start":{"line":91,"column":17},"end":{"line":91,"column":71}},"50":{"start":{"line":93,"column":6},"end":{"line":93,"column":88}},"51":{"start":{"line":95,"column":6},"end":{"line":95,"column":77}},"52":{"start":{"line":97,"column":6},"end":{"line":97,"column":50}},"53":{"start":{"line":98,"column":6},"end":{"line":98,"column":25}},"54":{"start":{"line":103,"column":25},"end":{"line":103,"column":33}},"55":{"start":{"line":104,"column":4},"end":{"line":104,"column":71}},"56":{"start":{"line":107,"column":22},"end":{"line":107,"column":30}},"57":{"start":{"line":108,"column":4},"end":{"line":142,"column":5}},"58":{"start":{"line":109,"column":19},"end":{"line":109,"column":53}},"59":{"start":{"line":110,"column":6},"end":{"line":112,"column":7}},"60":{"start":{"line":111,"column":8},"end":{"line":111,"column":62}},"61":{"start":{"line":114,"column":20},"end":{"line":114,"column":66}},"62":{"start":{"line":115,"column":6},"end":{"line":117,"column":7}},"63":{"start":{"line":116,"column":8},"end":{"line":116,"column":32}},"64":{"start":{"line":119,"column":25},"end":{"line":119,"column":63}},"65":{"start":{"line":120,"column":26},"end":{"line":120,"column":58}},"66":{"start":{"line":122,"column":6},"end":{"line":126,"column":16}},"67":{"start":{"line":129,"column":19},"end":{"line":129,"column":99}},"68":{"start":{"line":131,"column":6},"end":{"line":136,"column":8}},"69":{"start":{"line":138,"column":6},"end":{"line":138,"column":104}},"70":{"start":{"line":140,"column":6},"end":{"line":140,"column":50}},"71":{"start":{"line":141,"column":6},"end":{"line":141,"column":25}},"72":{"start":{"line":146,"column":26},"end":{"line":146,"column":36}},"73":{"start":{"line":147,"column":25},"end":{"line":147,"column":33}},"74":{"start":{"line":149,"column":4},"end":{"line":168,"column":5}},"75":{"start":{"line":150,"column":33},"end":{"line":150,"column":73}},"76":{"start":{"line":151,"column":6},"end":{"line":151,"column":84}},"77":{"start":{"line":151,"column":31},"end":{"line":151,"column":84}},"78":{"start":{"line":153,"column":27},"end":{"line":153,"column":80}},"79":{"start":{"line":154,"column":6},"end":{"line":154,"column":78}},"80":{"start":{"line":154,"column":25},"end":{"line":154,"column":78}},"81":{"start":{"line":156,"column":29},"end":{"line":156,"column":59}},"82":{"start":{"line":158,"column":6},"end":{"line":158,"column":74}},"83":{"start":{"line":160,"column":26},"end":{"line":160,"column":54}},"84":{"start":{"line":162,"column":6},"end":{"line":162,"column":43}},"85":{"start":{"line":164,"column":6},"end":{"line":164,"column":77}},"86":{"start":{"line":166,"column":6},"end":{"line":166,"column":50}},"87":{"start":{"line":167,"column":6},"end":{"line":167,"column":25}}},"fnMap":{"0":{"name":"(anonymous_0)","decl":{"start":{"line":13,"column":10},"end":{"line":13,"column":11}},"loc":{"start":{"line":13,"column":30},"end":{"line":31,"column":3}},"line":13},"1":{"name":"(anonymous_1)","decl":{"start":{"line":33,"column":10},"end":{"line":33,"column":11}},"loc":{"start":{"line":33,"column":30},"end":{"line":48,"column":3}},"line":33},"2":{"name":"(anonymous_2)","decl":{"start":{"line":50,"column":14},"end":{"line":50,"column":15}},"loc":{"start":{"line":50,"column":34},"end":{"line":61,"column":3}},"line":50},"3":{"name":"(anonymous_3)","decl":{"start":{"line":63,"column":11},"end":{"line":63,"column":12}},"loc":{"start":{"line":63,"column":31},"end":{"line":79,"column":3}},"line":63},"4":{"name":"(anonymous_4)","decl":{"start":{"line":81,"column":15},"end":{"line":81,"column":16}},"loc":{"start":{"line":81,"column":35},"end":{"line":100,"column":3}},"line":81},"5":{"name":"(anonymous_5)","decl":{"start":{"line":102,"column":14},"end":{"line":102,"column":15}},"loc":{"start":{"line":102,"column":34},"end":{"line":105,"column":3}},"line":102},"6":{"name":"(anonymous_6)","decl":{"start":{"line":106,"column":24},"end":{"line":106,"column":25}},"loc":{"start":{"line":106,"column":50},"end":{"line":143,"column":3}},"line":106},"7":{"name":"(anonymous_7)","decl":{"start":{"line":145,"column":17},"end":{"line":145,"column":18}},"loc":{"start":{"line":145,"column":37},"end":{"line":169,"column":3}},"line":145}},"branchMap":{"0":{"loc":{"start":{"line":16,"column":6},"end":{"line":16,"column":103}},"type":"if","locations":[{"start":{"line":16,"column":6},"end":{"line":16,"column":103}},{"start":{},"end":{}}],"line":16},"1":{"loc":{"start":{"line":16,"column":10},"end":{"line":16,"column":38}},"type":"binary-expr","locations":[{"start":{"line":16,"column":10},"end":{"line":16,"column":15}},{"start":{"line":16,"column":19},"end":{"line":16,"column":25}},{"start":{"line":16,"column":29},"end":{"line":16,"column":38}}],"line":16},"2":{"loc":{"start":{"line":36,"column":6},"end":{"line":36,"column":71}},"type":"if","locations":[{"start":{"line":36,"column":6},"end":{"line":36,"column":71}},{"start":{},"end":{}}],"line":36},"3":{"loc":{"start":{"line":39,"column":6},"end":{"line":39,"column":84}},"type":"if","locations":[{"start":{"line":39,"column":6},"end":{"line":39,"column":84}},{"start":{},"end":{}}],"line":39},"4":{"loc":{"start":{"line":53,"column":6},"end":{"line":53,"column":71}},"type":"if","locations":[{"start":{"line":53,"column":6},"end":{"line":53,"column":71}},{"start":{},"end":{}}],"line":53},"5":{"loc":{"start":{"line":67,"column":6},"end":{"line":70,"column":7}},"type":"if","locations":[{"start":{"line":67,"column":6},"end":{"line":70,"column":7}},{"start":{},"end":{}}],"line":67},"6":{"loc":{"start":{"line":85,"column":6},"end":{"line":88,"column":7}},"type":"if","locations":[{"start":{"line":85,"column":6},"end":{"line":88,"column":7}},{"start":{},"end":{}}],"line":85},"7":{"loc":{"start":{"line":91,"column":6},"end":{"line":91,"column":71}},"type":"if","locations":[{"start":{"line":91,"column":6},"end":{"line":91,"column":71}},{"start":{},"end":{}}],"line":91},"8":{"loc":{"start":{"line":110,"column":6},"end":{"line":112,"column":7}},"type":"if","locations":[{"start":{"line":110,"column":6},"end":{"line":112,"column":7}},{"start":{},"end":{}}],"line":110},"9":{"loc":{"start":{"line":115,"column":6},"end":{"line":117,"column":7}},"type":"if","locations":[{"start":{"line":115,"column":6},"end":{"line":117,"column":7}},{"start":{},"end":{}}],"line":115},"10":{"loc":{"start":{"line":151,"column":6},"end":{"line":151,"column":84}},"type":"if","locations":[{"start":{"line":151,"column":6},"end":{"line":151,"column":84}},{"start":{},"end":{}}],"line":151},"11":{"loc":{"start":{"line":154,"column":6},"end":{"line":154,"column":78}},"type":"if","locations":[{"start":{"line":154,"column":6},"end":{"line":154,"column":78}},{"start":{},"end":{}}],"line":154}},"s":{"0":1,"1":1,"2":0,"3":0,"4":0,"5":0,"6":0,"7":0,"8":0,"9":0,"10":0,"11":0,"12":0,"13":0,"14":0,"15":0,"16":0,"17":0,"18":0,"19":0,"20":0,"21":0,"22":0,"23":0,"24":0,"25":0,"26":0,"27":0,"28":0,"29":0,"30":0,"31":0,"32":0,"33":0,"34":0,"35":0,"36":0,"37":0,"38":0,"39":0,"40":0,"41":0,"42":0,"43":0,"44":0,"45":0,"46":0,"47":0,"48":0,"49":0,"50":0,"51":0,"52":0,"53":0,"54":0,"55":0,"56":3,"57":3,"58":3,"59":2,"60":2,"61":0,"62":0,"63":0,"64":0,"65":0,"66":0,"67":0,"68":0,"69":0,"70":1,"71":1,"72":0,"73":0,"74":0,"75":0,"76":0,"77":0,"78":0,"79":0,"80":0,"81":0,"82":0,"83":0,"84":0,"85":0,"86":0,"87":0},"f":{"0":0,"1":0,"2":0,"3":0,"4":0,"5":0,"6":3,"7":0},"b":{"0":[0,0],"1":[0,0,0],"2":[0,0],"3":[0,0],"4":[0,0],"5":[0,0],"6":[0,0],"7":[0,0],"8":[2,0],"9":[0,0],"10":[0,0],"11":[0,0]},"_coverageSchema":"1a1c01bbd47fc00a2c39e90264f33305004495a9","hash":"2eb2d3d5385d161b6e9845a1bff3833b1876f5f5"}
,"D:\\Kerja\\Phincon\\Week7\\express_final\\databases\\models\\tokenModel.js": {"path":"D:\\Kerja\\Phincon\\Week7\\express_final\\databases\\models\\tokenModel.js","statementMap":{"0":{"start":{"line":3,"column":20},"end":{"line":18,"column":2}},"1":{"start":{"line":20,"column":19},"end":{"line":20,"column":55}}},"fnMap":{},"branchMap":{},"s":{"0":1,"1":1},"f":{},"b":{},"_coverageSchema":"1a1c01bbd47fc00a2c39e90264f33305004495a9","hash":"a371c5b0759e274861523de26c384473f9d1d4e8"}
,"D:\\Kerja\\Phincon\\Week7\\express_final\\databases\\models\\userModel.js": {"path":"D:\\Kerja\\Phincon\\Week7\\express_final\\databases\\models\\userModel.js","statementMap":{"0":{"start":{"line":3,"column":19},"end":{"line":22,"column":2}},"1":{"start":{"line":13,"column":8},"end":{"line":13,"column":52}},"2":{"start":{"line":24,"column":18},"end":{"line":24,"column":52}}},"fnMap":{"0":{"name":"(anonymous_0)","decl":{"start":{"line":12,"column":17},"end":{"line":12,"column":18}},"loc":{"start":{"line":12,"column":30},"end":{"line":14,"column":7}},"line":12}},"branchMap":{},"s":{"0":1,"1":0,"2":1},"f":{"0":0},"b":{},"_coverageSchema":"1a1c01bbd47fc00a2c39e90264f33305004495a9","hash":"249e84fddcdbfa909cd4feeaa42311028bce4b73"}
,"D:\\Kerja\\Phincon\\Week7\\express_final\\helpers\\responseHelper.js": {"path":"D:\\Kerja\\Phincon\\Week7\\express_final\\helpers\\responseHelper.js","statementMap":{"0":{"start":{"line":1,"column":23},"end":{"line":29,"column":1}},"1":{"start":{"line":2,"column":2},"end":{"line":8,"column":3}},"2":{"start":{"line":3,"column":4},"end":{"line":7,"column":7}},"3":{"start":{"line":9,"column":2},"end":{"line":15,"column":3}},"4":{"start":{"line":10,"column":4},"end":{"line":14,"column":7}},"5":{"start":{"line":16,"column":2},"end":{"line":22,"column":3}},"6":{"start":{"line":17,"column":4},"end":{"line":21,"column":7}},"7":{"start":{"line":23,"column":2},"end":{"line":28,"column":5}}},"fnMap":{"0":{"name":"(anonymous_0)","decl":{"start":{"line":1,"column":23},"end":{"line":1,"column":24}},"loc":{"start":{"line":1,"column":55},"end":{"line":29,"column":1}},"line":1}},"branchMap":{"0":{"loc":{"start":{"line":2,"column":2},"end":{"line":8,"column":3}},"type":"if","locations":[{"start":{"line":2,"column":2},"end":{"line":8,"column":3}},{"start":{},"end":{}}],"line":2},"1":{"loc":{"start":{"line":9,"column":2},"end":{"line":15,"column":3}},"type":"if","locations":[{"start":{"line":9,"column":2},"end":{"line":15,"column":3}},{"start":{},"end":{}}],"line":9},"2":{"loc":{"start":{"line":16,"column":2},"end":{"line":22,"column":3}},"type":"if","locations":[{"start":{"line":16,"column":2},"end":{"line":22,"column":3}},{"start":{},"end":{}}],"line":16}},"s":{"0":1,"1":0,"2":0,"3":0,"4":0,"5":0,"6":0,"7":0},"f":{"0":0},"b":{"0":[0,0],"1":[0,0],"2":[0,0]},"_coverageSchema":"1a1c01bbd47fc00a2c39e90264f33305004495a9","hash":"006916c2d722a5f5f48b29b4c84e8608819e16c3"}
,"D:\\Kerja\\Phincon\\Week7\\express_final\\utils\\sendEmail.js": {"path":"D:\\Kerja\\Phincon\\Week7\\express_final\\utils\\sendEmail.js","statementMap":{"0":{"start":{"line":7,"column":18},"end":{"line":45,"column":1}},"1":{"start":{"line":8,"column":2},"end":{"line":44,"column":3}},"2":{"start":{"line":9,"column":22},"end":{"line":9,"column":66}},"3":{"start":{"line":11,"column":24},"end":{"line":18,"column":6}},"4":{"start":{"line":20,"column":25},"end":{"line":20,"column":55}},"5":{"start":{"line":21,"column":19},"end":{"line":21,"column":56}},"6":{"start":{"line":22,"column":29},"end":{"line":22,"column":55}},"7":{"start":{"line":24,"column":20},"end":{"line":29,"column":5}},"8":{"start":{"line":31,"column":4},"end":{"line":40,"column":7}},"9":{"start":{"line":32,"column":6},"end":{"line":39,"column":9}},"10":{"start":{"line":33,"column":8},"end":{"line":38,"column":9}},"11":{"start":{"line":34,"column":10},"end":{"line":34,"column":29}},"12":{"start":{"line":35,"column":10},"end":{"line":35,"column":22}},"13":{"start":{"line":37,"column":10},"end":{"line":37,"column":24}},"14":{"start":{"line":42,"column":4},"end":{"line":42,"column":25}},"15":{"start":{"line":43,"column":4},"end":{"line":43,"column":16}}},"fnMap":{"0":{"name":"(anonymous_0)","decl":{"start":{"line":7,"column":18},"end":{"line":7,"column":19}},"loc":{"start":{"line":7,"column":63},"end":{"line":45,"column":1}},"line":7},"1":{"name":"(anonymous_1)","decl":{"start":{"line":31,"column":23},"end":{"line":31,"column":24}},"loc":{"start":{"line":31,"column":44},"end":{"line":40,"column":5}},"line":31},"2":{"name":"(anonymous_2)","decl":{"start":{"line":32,"column":36},"end":{"line":32,"column":37}},"loc":{"start":{"line":32,"column":51},"end":{"line":39,"column":7}},"line":32}},"branchMap":{"0":{"loc":{"start":{"line":33,"column":8},"end":{"line":38,"column":9}},"type":"if","locations":[{"start":{"line":33,"column":8},"end":{"line":38,"column":9}},{"start":{"line":36,"column":15},"end":{"line":38,"column":9}}],"line":33}},"s":{"0":1,"1":0,"2":0,"3":0,"4":0,"5":0,"6":0,"7":0,"8":0,"9":0,"10":0,"11":0,"12":0,"13":0,"14":0,"15":0},"f":{"0":0,"1":0,"2":0},"b":{"0":[0,0]},"_coverageSchema":"1a1c01bbd47fc00a2c39e90264f33305004495a9","hash":"97366cb19de665d3265f82952bbf1270cddd04a6"}
}
